Android/data_acquisition/app/build/intermediates/manifest_merge_blame_file/debug/processDebugMainManifest/manifest-merger-blame-debug-report.txt
1<?xml version="1.0" encoding="utf-8"?>
2<manifest xmlns:android="http://schemas.android.com/apk/res/android"
3    package="com.example.dataacquisition"
4    android:versionCode="1"
5    android:versionName="1.0" >
6
7    <uses-sdk
8        android:minSdkVersion="31"
9        android:targetSdkVersion="34" />
10
11    <uses-permission android:name="android.permission.WAKE_LOCK" />
11-->src/main/AndroidManifest.xml:5:5-68
11-->src/main/AndroidManifest.xml:5:22-65
12    <uses-permission android:name="android.permission.INTERNET" />
12-->src/main/AndroidManifest.xml:6:5-67
12-->src/main/AndroidManifest.xml:6:22-64
13    <uses-permission android:name="android.permission.VIBRATE" />
13-->src/main/AndroidManifest.xml:7:5-65
13-->src/main/AndroidManifest.xml:7:22-63
14    <uses-permission android:name="android.permission.HIGH_SAMPLING_RATE_SENSORS" />
14-->src/main/AndroidManifest.xml:8:5-84
14-->src/main/AndroidManifest.xml:8:22-82
15    <uses-permission android:name="android.permission.BODY_SENSORS" />
15-->src/main/AndroidManifest.xml:9:5-71
15-->src/main/AndroidManifest.xml:9:22-68
16
17    <uses-feature android:name="android.hardware.type.watch" />
17-->src/main/AndroidManifest.xml:12:5-64
17-->src/main/AndroidManifest.xml:12:19-61
18
19    <uses-permission android:name="android.permission.ACCESS_NETWORK_STATE" />
19-->[com.google.firebase:firebase-installations:17.2.0] AndroidManifest.xml:7:5-79
19-->[com.google.firebase:firebase-installations:17.2.0] AndroidManifest.xml:7:22-76
20    <uses-permission android:name="android.permission.RECEIVE_BOOT_COMPLETED" />
20-->[androidx.work:work-runtime:2.9.0] AndroidManifest.xml:25:5-81
20-->[androidx.work:work-runtime:2.9.0] AndroidManifest.xml:25:22-78
21    <uses-permission android:name="android.permission.FOREGROUND_SERVICE" />
21-->[androidx.work:work-runtime:2.9.0] AndroidManifest.xml:26:5-77
21-->[androidx.work:work-runtime:2.9.0] AndroidManifest.xml:26:22-74
22
23    <permission
23-->[androidx.core:core:1.13.1] AndroidManifest.xml:22:5-24:47
24        android:name="com.example.dataacquisition.DYNAMIC_RECEIVER_NOT_EXPORTED_PERMISSION"
24-->[androidx.core:core:1.13.1] AndroidManifest.xml:23:9-81
25        android:protectionLevel="signature" />
25-->[androidx.core:core:1.13.1] AndroidManifest.xml:24:9-44
26
27    <uses-permission android:name="com.example.dataacquisition.DYNAMIC_RECEIVER_NOT_EXPORTED_PERMISSION" />
27-->[androidx.core:core:1.13.1] AndroidManifest.xml:26:5-97
27-->[androidx.core:core:1.13.1] AndroidManifest.xml:26:22-94
28
29    <application
29-->src/main/AndroidManifest.xml:14:5-48:19
30        android:allowBackup="true"
30-->src/main/AndroidManifest.xml:15:9-35
31        android:appComponentFactory="androidx.core.app.CoreComponentFactory"
31-->[androidx.core:core:1.13.1] AndroidManifest.xml:28:18-86
32        android:debuggable="true"
33        android:extractNativeLibs="false"
34        android:icon="@mipmap/ic_launcher"
34-->src/main/AndroidManifest.xml:16:9-43
35        android:label="gesture acquisition"
35-->src/main/AndroidManifest.xml:17:9-44
36        android:networkSecurityConfig="@xml/network_security_config"
36-->src/main/AndroidManifest.xml:20:9-69
37        android:supportsRtl="true"
37-->src/main/AndroidManifest.xml:18:9-35
38        android:testOnly="true"
39        android:theme="@style/Theme.DataAcquisition" >
39-->src/main/AndroidManifest.xml:19:9-53
40        <profileable android:shell="true" />
40-->src/main/AndroidManifest.xml:22:9-44
40-->src/main/AndroidManifest.xml:22:22-42
41
42        <uses-library
42-->src/main/AndroidManifest.xml:23:9-25:39
43            android:name="com.google.android.wearable"
43-->src/main/AndroidManifest.xml:24:13-55
44            android:required="true" />
44-->src/main/AndroidManifest.xml:25:13-36
45
46        <!--
47               Set to true if your app is Standalone, that is, it does not require the handheld
48               app to run.
49        -->
50        <meta-data
50-->src/main/AndroidManifest.xml:31:9-33:36
51            android:name="com.google.android.wearable.standalone"
51-->src/main/AndroidManifest.xml:32:13-66
52            android:value="true" />
52-->src/main/AndroidManifest.xml:33:13-33
53
54        <activity android:name="com.example.dataacquisition.AcquisitionActivity" />
54-->src/main/AndroidManifest.xml:35:9-57
54-->src/main/AndroidManifest.xml:35:19-54
55        <activity android:name="com.example.dataacquisition.ControlInterfaceActivity" />
55-->src/main/AndroidManifest.xml:36:9-62
55-->src/main/AndroidManifest.xml:36:19-59
56        <activity
56-->src/main/AndroidManifest.xml:38:9-46:20
57            android:name="com.example.dataacquisition.MainActivity"
57-->src/main/AndroidManifest.xml:39:13-41
58            android:exported="true"
58-->src/main/AndroidManifest.xml:40:13-36
59            android:label="      Functions     " >
59-->src/main/AndroidManifest.xml:41:13-49
60            <intent-filter>
60-->src/main/AndroidManifest.xml:42:13-45:29
61                <action android:name="android.intent.action.MAIN" />
61-->src/main/AndroidManifest.xml:43:17-69
61-->src/main/AndroidManifest.xml:43:25-66
62
63                <category android:name="android.intent.category.LAUNCHER" />
63-->src/main/AndroidManifest.xml:44:17-77
63-->src/main/AndroidManifest.xml:44:27-74
64            </intent-filter>
65        </activity>
66        <activity
66-->[com.google.android.gms:play-services-base:18.0.1] AndroidManifest.xml:20:9-22:45
67            android:name="com.google.android.gms.common.api.GoogleApiActivity"
67-->[com.google.android.gms:play-services-base:18.0.1] AndroidManifest.xml:20:19-85
68            android:exported="false"
68-->[com.google.android.gms:play-services-base:18.0.1] AndroidManifest.xml:22:19-43
69            android:theme="@android:style/Theme.Translucent.NoTitleBar" />
69-->[com.google.android.gms:play-services-base:18.0.1] AndroidManifest.xml:21:19-78
70
71        <service
71-->[com.google.firebase:firebase-ml-modeldownloader:24.2.3] AndroidManifest.xml:23:9-32:19
72            android:name="com.google.firebase.components.ComponentDiscoveryService"
72-->[com.google.firebase:firebase-ml-modeldownloader:24.2.3] AndroidManifest.xml:24:13-84
73            android:directBootAware="true"
73-->[com.google.firebase:firebase-common:20.4.3] AndroidManifest.xml:32:13-43
74            android:exported="false" >
74-->[com.google.firebase:firebase-ml-modeldownloader:24.2.3] AndroidManifest.xml:25:13-37
75            <meta-data
75-->[com.google.firebase:firebase-ml-modeldownloader:24.2.3] AndroidManifest.xml:26:13-28:85
76                android:name="com.google.firebase.components:com.google.firebase.ml.modeldownloader.FirebaseMlModelDownloaderKtxRegistrar"
76-->[com.google.firebase:firebase-ml-modeldownloader:24.2.3] AndroidManifest.xml:27:17-139
77                android:value="com.google.firebase.components.ComponentRegistrar" />
77-->[com.google.firebase:firebase-ml-modeldownloader:24.2.3] AndroidManifest.xml:28:17-82
78            <meta-data
78-->[com.google.firebase:firebase-ml-modeldownloader:24.2.3] AndroidManifest.xml:29:13-31:85
79                android:name="com.google.firebase.components:com.google.firebase.ml.modeldownloader.FirebaseModelDownloaderRegistrar"
79-->[com.google.firebase:firebase-ml-modeldownloader:24.2.3] AndroidManifest.xml:30:17-134
80                android:value="com.google.firebase.components.ComponentRegistrar" />
80-->[com.google.firebase:firebase-ml-modeldownloader:24.2.3] AndroidManifest.xml:31:17-82
81            <meta-data
81-->[com.google.firebase:firebase-installations:17.2.0] AndroidManifest.xml:15:13-17:85
82                android:name="com.google.firebase.components:com.google.firebase.installations.FirebaseInstallationsKtxRegistrar"
82-->[com.google.firebase:firebase-installations:17.2.0] AndroidManifest.xml:16:17-130
83                android:value="com.google.firebase.components.ComponentRegistrar" />
83-->[com.google.firebase:firebase-installations:17.2.0] AndroidManifest.xml:17:17-82
84            <meta-data
84-->[com.google.firebase:firebase-installations:17.2.0] AndroidManifest.xml:18:13-20:85
85                android:name="com.google.firebase.components:com.google.firebase.installations.FirebaseInstallationsRegistrar"
85-->[com.google.firebase:firebase-installations:17.2.0] AndroidManifest.xml:19:17-127
86                android:value="com.google.firebase.components.ComponentRegistrar" />
86-->[com.google.firebase:firebase-installations:17.2.0] AndroidManifest.xml:20:17-82
87            <meta-data
87-->[com.google.firebase:firebase-common-ktx:20.4.3] AndroidManifest.xml:12:13-14:85
88                android:name="com.google.firebase.components:com.google.firebase.ktx.FirebaseCommonLegacyRegistrar"
88-->[com.google.firebase:firebase-common-ktx:20.4.3] AndroidManifest.xml:13:17-116
89                android:value="com.google.firebase.components.ComponentRegistrar" />
89-->[com.google.firebase:firebase-common-ktx:20.4.3] AndroidManifest.xml:14:17-82
90            <meta-data
90-->[com.google.firebase:firebase-common:20.4.3] AndroidManifest.xml:35:13-37:85
91                android:name="com.google.firebase.components:com.google.firebase.FirebaseCommonKtxRegistrar"
91-->[com.google.firebase:firebase-common:20.4.3] AndroidManifest.xml:36:17-109
92                android:value="com.google.firebase.components.ComponentRegistrar" />
92-->[com.google.firebase:firebase-common:20.4.3] AndroidManifest.xml:37:17-82
93            <meta-data
93-->[com.google.firebase:firebase-datatransport:18.2.0] AndroidManifest.xml:25:13-27:85
94                android:name="com.google.firebase.components:com.google.firebase.datatransport.TransportRegistrar"
94-->[com.google.firebase:firebase-datatransport:18.2.0] AndroidManifest.xml:26:17-115
95                android:value="com.google.firebase.components.ComponentRegistrar" />
95-->[com.google.firebase:firebase-datatransport:18.2.0] AndroidManifest.xml:27:17-82
96        </service>
97
98        <provider
98-->[com.google.firebase:firebase-common:20.4.3] AndroidManifest.xml:23:9-28:39
99            android:name="com.google.firebase.provider.FirebaseInitProvider"
99-->[com.google.firebase:firebase-common:20.4.3] AndroidManifest.xml:24:13-77
100            android:authorities="com.example.dataacquisition.firebaseinitprovider"
100-->[com.google.firebase:firebase-common:20.4.3] AndroidManifest.xml:25:13-72
101            android:directBootAware="true"
101-->[com.google.firebase:firebase-common:20.4.3] AndroidManifest.xml:26:13-43
102            android:exported="false"
102-->[com.google.firebase:firebase-common:20.4.3] AndroidManifest.xml:27:13-37
103            android:initOrder="100" />
103-->[com.google.firebase:firebase-common:20.4.3] AndroidManifest.xml:28:13-36
104        <provider
104-->[androidx.work:work-runtime:2.9.0] AndroidManifest.xml:29:9-37:20
105            android:name="androidx.startup.InitializationProvider"
105-->[androidx.work:work-runtime:2.9.0] AndroidManifest.xml:30:13-67
106            android:authorities="com.example.dataacquisition.androidx-startup"
106-->[androidx.work:work-runtime:2.9.0] AndroidManifest.xml:31:13-68
107            android:exported="false" >
107-->[androidx.work:work-runtime:2.9.0] AndroidManifest.xml:32:13-37
108            <meta-data
108-->[androidx.work:work-runtime:2.9.0] AndroidManifest.xml:34:13-36:52
109                android:name="androidx.work.WorkManagerInitializer"
109-->[androidx.work:work-runtime:2.9.0] AndroidManifest.xml:35:17-68
110                android:value="androidx.startup" />
110-->[androidx.work:work-runtime:2.9.0] AndroidManifest.xml:36:17-49
111            <meta-data
111-->[androidx.emoji2:emoji2:1.2.0] AndroidManifest.xml:29:13-31:52
112                android:name="androidx.emoji2.text.EmojiCompatInitializer"
112-->[androidx.emoji2:emoji2:1.2.0] AndroidManifest.xml:30:17-75
113                android:value="androidx.startup" />
113-->[androidx.emoji2:emoji2:1.2.0] AndroidManifest.xml:31:17-49
114            <meta-data
114-->[androidx.lifecycle:lifecycle-process:2.6.2] AndroidManifest.xml:29:13-31:52
115                android:name="androidx.lifecycle.ProcessLifecycleInitializer"
115-->[androidx.lifecycle:lifecycle-process:2.6.2] AndroidManifest.xml:30:17-78
116                android:value="androidx.startup" />
116-->[androidx.lifecycle:lifecycle-process:2.6.2] AndroidManifest.xml:31:17-49
117            <meta-data
117-->[androidx.profileinstaller:profileinstaller:1.3.0] AndroidManifest.xml:29:13-31:52
118                android:name="androidx.profileinstaller.ProfileInstallerInitializer"
118-->[androidx.profileinstaller:profileinstaller:1.3.0] AndroidManifest.xml:30:17-85
119                android:value="androidx.startup" />
119-->[androidx.profileinstaller:profileinstaller:1.3.0] AndroidManifest.xml:31:17-49
120        </provider>
121
122        <service
122-->[androidx.work:work-runtime:2.9.0] AndroidManifest.xml:39:9-45:35
123            android:name="androidx.work.impl.background.systemalarm.SystemAlarmService"
123-->[androidx.work:work-runtime:2.9.0] AndroidManifest.xml:40:13-88
124            android:directBootAware="false"
124-->[androidx.work:work-runtime:2.9.0] AndroidManifest.xml:41:13-44
125            android:enabled="@bool/enable_system_alarm_service_default"
125-->[androidx.work:work-runtime:2.9.0] AndroidManifest.xml:42:13-72
126            android:exported="false" />
126-->[androidx.work:work-runtime:2.9.0] AndroidManifest.xml:43:13-37
127        <service
127-->[androidx.work:work-runtime:2.9.0] AndroidManifest.xml:46:9-52:35
128            android:name="androidx.work.impl.background.systemjob.SystemJobService"
128-->[androidx.work:work-runtime:2.9.0] AndroidManifest.xml:47:13-84
129            android:directBootAware="false"
129-->[androidx.work:work-runtime:2.9.0] AndroidManifest.xml:48:13-44
130            android:enabled="@bool/enable_system_job_service_default"
130-->[androidx.work:work-runtime:2.9.0] AndroidManifest.xml:49:13-70
131            android:exported="true"
131-->[androidx.work:work-runtime:2.9.0] AndroidManifest.xml:50:13-36
132            android:permission="android.permission.BIND_JOB_SERVICE" />
132-->[androidx.work:work-runtime:2.9.0] AndroidManifest.xml:51:13-69
133        <service
133-->[androidx.work:work-runtime:2.9.0] AndroidManifest.xml:53:9-59:35
134            android:name="androidx.work.impl.foreground.SystemForegroundService"
134-->[androidx.work:work-runtime:2.9.0] AndroidManifest.xml:54:13-81
135            android:directBootAware="false"
135-->[androidx.work:work-runtime:2.9.0] AndroidManifest.xml:55:13-44
136            android:enabled="@bool/enable_system_foreground_service_default"
136-->[androidx.work:work-runtime:2.9.0] AndroidManifest.xml:56:13-77
137            android:exported="false" />
137-->[androidx.work:work-runtime:2.9.0] AndroidManifest.xml:57:13-37
138
139        <receiver
139-->[androidx.work:work-runtime:2.9.0] AndroidManifest.xml:61:9-66:35
140            android:name="androidx.work.impl.utils.ForceStopRunnable$BroadcastReceiver"
140-->[androidx.work:work-runtime:2.9.0] AndroidManifest.xml:62:13-88
141            android:directBootAware="false"
141-->[androidx.work:work-runtime:2.9.0] AndroidManifest.xml:63:13-44
142            android:enabled="true"
142-->[androidx.work:work-runtime:2.9.0] AndroidManifest.xml:64:13-35
143            android:exported="false" />
143-->[androidx.work:work-runtime:2.9.0] AndroidManifest.xml:65:13-37
144        <receiver
144-->[androidx.work:work-runtime:2.9.0] AndroidManifest.xml:67:9-77:20
145            android:name="androidx.work.impl.background.systemalarm.ConstraintProxy$BatteryChargingProxy"
145-->[androidx.work:work-runtime:2.9.0] AndroidManifest.xml:68:13-106
146            android:directBootAware="false"
146-->[androidx.work:work-runtime:2.9.0] AndroidManifest.xml:69:13-44
147            android:enabled="false"
147-->[androidx.work:work-runtime:2.9.0] AndroidManifest.xml:70:13-36
148            android:exported="false" >
148-->[androidx.work:work-runtime:2.9.0] AndroidManifest.xml:71:13-37
149            <intent-filter>
149-->[androidx.work:work-runtime:2.9.0] AndroidManifest.xml:73:13-76:29
150                <action android:name="android.intent.action.ACTION_POWER_CONNECTED" />
150-->[androidx.work:work-runtime:2.9.0] AndroidManifest.xml:74:17-87
150-->[androidx.work:work-runtime:2.9.0] AndroidManifest.xml:74:25-84
151                <action android:name="android.intent.action.ACTION_POWER_DISCONNECTED" />
151-->[androidx.work:work-runtime:2.9.0] AndroidManifest.xml:75:17-90
151-->[androidx.work:work-runtime:2.9.0] AndroidManifest.xml:75:25-87
152            </intent-filter>
153        </receiver>
154        <receiver
154-->[androidx.work:work-runtime:2.9.0] AndroidManifest.xml:78:9-88:20
155            android:name="androidx.work.impl.background.systemalarm.ConstraintProxy$BatteryNotLowProxy"
155-->[androidx.work:work-runtime:2.9.0] AndroidManifest.xml:79:13-104
156            android:directBootAware="false"
156-->[androidx.work:work-runtime:2.9.0] AndroidManifest.xml:80:13-44
157            android:enabled="false"
157-->[androidx.work:work-runtime:2.9.0] AndroidManifest.xml:81:13-36
158            android:exported="false" >
158-->[androidx.work:work-runtime:2.9.0] AndroidManifest.xml:82:13-37
159            <intent-filter>
159-->[androidx.work:work-runtime:2.9.0] AndroidManifest.xml:84:13-87:29
160                <action android:name="android.intent.action.BATTERY_OKAY" />
160-->[androidx.work:work-runtime:2.9.0] AndroidManifest.xml:85:17-77
160-->[androidx.work:work-runtime:2.9.0] AndroidManifest.xml:85:25-74
161                <action android:name="android.intent.action.BATTERY_LOW" />
161-->[androidx.work:work-runtime:2.9.0] AndroidManifest.xml:86:17-76
161-->[androidx.work:work-runtime:2.9.0] AndroidManifest.xml:86:25-73
162            </intent-filter>
163        </receiver>
164        <receiver
164-->[androidx.work:work-runtime:2.9.0] AndroidManifest.xml:89:9-99:20
165            android:name="androidx.work.impl.background.systemalarm.ConstraintProxy$StorageNotLowProxy"
165-->[androidx.work:work-runtime:2.9.0] AndroidManifest.xml:90:13-104
166            android:directBootAware="false"
166-->[androidx.work:work-runtime:2.9.0] AndroidManifest.xml:91:13-44
167            android:enabled="false"
167-->[androidx.work:work-runtime:2.9.0] AndroidManifest.xml:92:13-36
168            android:exported="false" >
168-->[androidx.work:work-runtime:2.9.0] AndroidManifest.xml:93:13-37
169            <intent-filter>
169-->[androidx.work:work-runtime:2.9.0] AndroidManifest.xml:95:13-98:29
170                <action android:name="android.intent.action.DEVICE_STORAGE_LOW" />
170-->[androidx.work:work-runtime:2.9.0] AndroidManifest.xml:96:17-83
170-->[androidx.work:work-runtime:2.9.0] AndroidManifest.xml:96:25-80
171                <action android:name="android.intent.action.DEVICE_STORAGE_OK" />
171-->[androidx.work:work-runtime:2.9.0] AndroidManifest.xml:97:17-82
171-->[androidx.work:work-runtime:2.9.0] AndroidManifest.xml:97:25-79
172            </intent-filter>
173        </receiver>
174        <receiver
174-->[androidx.work:work-runtime:2.9.0] AndroidManifest.xml:100:9-109:20
175            android:name="androidx.work.impl.background.systemalarm.ConstraintProxy$NetworkStateProxy"
175-->[androidx.work:work-runtime:2.9.0] AndroidManifest.xml:101:13-103
176            android:directBootAware="false"
176-->[androidx.work:work-runtime:2.9.0] AndroidManifest.xml:102:13-44
177            android:enabled="false"
177-->[androidx.work:work-runtime:2.9.0] AndroidManifest.xml:103:13-36
178            android:exported="false" >
178-->[androidx.work:work-runtime:2.9.0] AndroidManifest.xml:104:13-37
179            <intent-filter>
179-->[androidx.work:work-runtime:2.9.0] AndroidManifest.xml:106:13-108:29
180                <action android:name="android.net.conn.CONNECTIVITY_CHANGE" />
180-->[androidx.work:work-runtime:2.9.0] AndroidManifest.xml:107:17-79
180-->[androidx.work:work-runtime:2.9.0] AndroidManifest.xml:107:25-76
181            </intent-filter>
182        </receiver>
183        <receiver
183-->[androidx.work:work-runtime:2.9.0] AndroidManifest.xml:110:9-121:20
184            android:name="androidx.work.impl.background.systemalarm.RescheduleReceiver"
184-->[androidx.work:work-runtime:2.9.0] AndroidManifest.xml:111:13-88
185            android:directBootAware="false"
185-->[androidx.work:work-runtime:2.9.0] AndroidManifest.xml:112:13-44
186            android:enabled="false"
186-->[androidx.work:work-runtime:2.9.0] AndroidManifest.xml:113:13-36
187            android:exported="false" >
187-->[androidx.work:work-runtime:2.9.0] AndroidManifest.xml:114:13-37
188            <intent-filter>
188-->[androidx.work:work-runtime:2.9.0] AndroidManifest.xml:116:13-120:29
189                <action android:name="android.intent.action.BOOT_COMPLETED" />
189-->[androidx.work:work-runtime:2.9.0] AndroidManifest.xml:117:17-79
189-->[androidx.work:work-runtime:2.9.0] AndroidManifest.xml:117:25-76
190                <action android:name="android.intent.action.TIME_SET" />
190-->[androidx.work:work-runtime:2.9.0] AndroidManifest.xml:118:17-73
190-->[androidx.work:work-runtime:2.9.0] AndroidManifest.xml:118:25-70
191                <action android:name="android.intent.action.TIMEZONE_CHANGED" />
191-->[androidx.work:work-runtime:2.9.0] AndroidManifest.xml:119:17-81
191-->[androidx.work:work-runtime:2.9.0] AndroidManifest.xml:119:25-78
192            </intent-filter>
193        </receiver>
194        <receiver
194-->[androidx.work:work-runtime:2.9.0] AndroidManifest.xml:122:9-131:20
195            android:name="androidx.work.impl.background.systemalarm.ConstraintProxyUpdateReceiver"
195-->[androidx.work:work-runtime:2.9.0] AndroidManifest.xml:123:13-99
196            android:directBootAware="false"
196-->[androidx.work:work-runtime:2.9.0] AndroidManifest.xml:124:13-44
197            android:enabled="@bool/enable_system_alarm_service_default"
197-->[androidx.work:work-runtime:2.9.0] AndroidManifest.xml:125:13-72
198            android:exported="false" >
198-->[androidx.work:work-runtime:2.9.0] AndroidManifest.xml:126:13-37
199            <intent-filter>
199-->[androidx.work:work-runtime:2.9.0] AndroidManifest.xml:128:13-130:29
200                <action android:name="androidx.work.impl.background.systemalarm.UpdateProxies" />
200-->[androidx.work:work-runtime:2.9.0] AndroidManifest.xml:129:17-98
200-->[androidx.work:work-runtime:2.9.0] AndroidManifest.xml:129:25-95
201            </intent-filter>
202        </receiver>
203        <receiver
203-->[androidx.work:work-runtime:2.9.0] AndroidManifest.xml:132:9-142:20
204            android:name="androidx.work.impl.diagnostics.DiagnosticsReceiver"
204-->[androidx.work:work-runtime:2.9.0] AndroidManifest.xml:133:13-78
205            android:directBootAware="false"
205-->[androidx.work:work-runtime:2.9.0] AndroidManifest.xml:134:13-44
206            android:enabled="true"
206-->[androidx.work:work-runtime:2.9.0] AndroidManifest.xml:135:13-35
207            android:exported="true"
207-->[androidx.work:work-runtime:2.9.0] AndroidManifest.xml:136:13-36
208            android:permission="android.permission.DUMP" >
208-->[androidx.work:work-runtime:2.9.0] AndroidManifest.xml:137:13-57
209            <intent-filter>
209-->[androidx.work:work-runtime:2.9.0] AndroidManifest.xml:139:13-141:29
210                <action android:name="androidx.work.diagnostics.REQUEST_DIAGNOSTICS" />
210-->[androidx.work:work-runtime:2.9.0] AndroidManifest.xml:140:17-88
210-->[androidx.work:work-runtime:2.9.0] AndroidManifest.xml:140:25-85
211            </intent-filter>
212        </receiver>
213
214        <meta-data
214-->[com.google.android.gms:play-services-basement:18.3.0] AndroidManifest.xml:21:9-23:69
215            android:name="com.google.android.gms.version"
215-->[com.google.android.gms:play-services-basement:18.3.0] AndroidManifest.xml:22:13-58
216            android:value="@integer/google_play_services_version" />
216-->[com.google.android.gms:play-services-basement:18.3.0] AndroidManifest.xml:23:13-66
217
218        <service
218-->[androidx.room:room-runtime:2.5.0] AndroidManifest.xml:24:9-28:63
219            android:name="androidx.room.MultiInstanceInvalidationService"
219-->[androidx.room:room-runtime:2.5.0] AndroidManifest.xml:25:13-74
220            android:directBootAware="true"
220-->[androidx.room:room-runtime:2.5.0] AndroidManifest.xml:26:13-43
221            android:exported="false" />
221-->[androidx.room:room-runtime:2.5.0] AndroidManifest.xml:27:13-37
222        <service
222-->[com.google.android.datatransport:transport-backend-cct:3.1.9] AndroidManifest.xml:28:9-34:19
223            android:name="com.google.android.datatransport.runtime.backends.TransportBackendDiscovery"
223-->[com.google.android.datatransport:transport-backend-cct:3.1.9] AndroidManifest.xml:29:13-103
224            android:exported="false" >
224-->[com.google.android.datatransport:transport-backend-cct:3.1.9] AndroidManifest.xml:30:13-37
225            <meta-data
225-->[com.google.android.datatransport:transport-backend-cct:3.1.9] AndroidManifest.xml:31:13-33:39
226                android:name="backend:com.google.android.datatransport.cct.CctBackendFactory"
226-->[com.google.android.datatransport:transport-backend-cct:3.1.9] AndroidManifest.xml:32:17-94
227                android:value="cct" />
227-->[com.google.android.datatransport:transport-backend-cct:3.1.9] AndroidManifest.xml:33:17-36
228        </service>
229        <service
229-->[com.google.android.datatransport:transport-runtime:3.1.9] AndroidManifest.xml:26:9-30:19
230            android:name="com.google.android.datatransport.runtime.scheduling.jobscheduling.JobInfoSchedulerService"
230-->[com.google.android.datatransport:transport-runtime:3.1.9] AndroidManifest.xml:27:13-117
231            android:exported="false"
231-->[com.google.android.datatransport:transport-runtime:3.1.9] AndroidManifest.xml:28:13-37
232            android:permission="android.permission.BIND_JOB_SERVICE" >
232-->[com.google.android.datatransport:transport-runtime:3.1.9] AndroidManifest.xml:29:13-69
233        </service>
234
235        <receiver
235-->[com.google.android.datatransport:transport-runtime:3.1.9] AndroidManifest.xml:32:9-34:40
236            android:name="com.google.android.datatransport.runtime.scheduling.jobscheduling.AlarmManagerSchedulerBroadcastReceiver"
236-->[com.google.android.datatransport:transport-runtime:3.1.9] AndroidManifest.xml:33:13-132
237            android:exported="false" />
237-->[com.google.android.datatransport:transport-runtime:3.1.9] AndroidManifest.xml:34:13-37
238        <receiver
238-->[androidx.profileinstaller:profileinstaller:1.3.0] AndroidManifest.xml:34:9-52:20
239            android:name="androidx.profileinstaller.ProfileInstallReceiver"
239-->[androidx.profileinstaller:profileinstaller:1.3.0] AndroidManifest.xml:35:13-76
240            android:directBootAware="false"
240-->[androidx.profileinstaller:profileinstaller:1.3.0] AndroidManifest.xml:36:13-44
241            android:enabled="true"
241-->[androidx.profileinstaller:profileinstaller:1.3.0] AndroidManifest.xml:37:13-35
242            android:exported="true"
242-->[androidx.profileinstaller:profileinstaller:1.3.0] AndroidManifest.xml:38:13-36
243            android:permission="android.permission.DUMP" >
243-->[androidx.profileinstaller:profileinstaller:1.3.0] AndroidManifest.xml:39:13-57
244            <intent-filter>
244-->[androidx.profileinstaller:profileinstaller:1.3.0] AndroidManifest.xml:40:13-42:29
245                <action android:name="androidx.profileinstaller.action.INSTALL_PROFILE" />
245-->[androidx.profileinstaller:profileinstaller:1.3.0] AndroidManifest.xml:41:17-91
245-->[androidx.profileinstaller:profileinstaller:1.3.0] AndroidManifest.xml:41:25-88
246            </intent-filter>
247            <intent-filter>
247-->[androidx.profileinstaller:profileinstaller:1.3.0] AndroidManifest.xml:43:13-45:29
248                <action android:name="androidx.profileinstaller.action.SKIP_FILE" />
248-->[androidx.profileinstaller:profileinstaller:1.3.0] AndroidManifest.xml:44:17-85
248-->[androidx.profileinstaller:profileinstaller:1.3.0] AndroidManifest.xml:44:25-82
249            </intent-filter>
250            <intent-filter>
250-->[androidx.profileinstaller:profileinstaller:1.3.0] AndroidManifest.xml:46:13-48:29
251                <action android:name="androidx.profileinstaller.action.SAVE_PROFILE" />
251-->[androidx.profileinstaller:profileinstaller:1.3.0] AndroidManifest.xml:47:17-88
251-->[androidx.profileinstaller:profileinstaller:1.3.0] AndroidManifest.xml:47:25-85
252            </intent-filter>
253            <intent-filter>
253-->[androidx.profileinstaller:profileinstaller:1.3.0] AndroidManifest.xml:49:13-51:29
254                <action android:name="androidx.profileinstaller.action.BENCHMARK_OPERATION" />
254-->[androidx.profileinstaller:profileinstaller:1.3.0] AndroidManifest.xml:50:17-95
254-->[androidx.profileinstaller:profileinstaller:1.3.0] AndroidManifest.xml:50:25-92
255            </intent-filter>
256        </receiver>
257    </application>
258
259</manifest>